<?xml version="1.0" encoding="UTF-8"?>
<!-- Generated by org.testng.reporters.JUnitReportReporter -->
<testsuite hostname="GS-2657" failures="0" tests="1" name="restassured.restassured.TC_04_Get_All_Headers" time="1.671" errors="0" timestamp="2020-04-09T15:21:18 IST" skipped="0">
  <testcase classname="restassured.restassured.TC_04_Get_All_Headers" name="getAllHeaders" time="1.671"/>
</testsuite> <!-- restassured.restassured.TC_04_Get_All_Headers -->
