<?xml version="1.0" encoding="UTF-8"?>
<!-- Generated by org.testng.reporters.JUnitReportReporter -->
<testsuite hostname="GS-2657" failures="0" tests="1" name="restassured.restassured.TC_05_ValidateJSONResponse" time="2.456" errors="0" timestamp="2020-04-09T16:26:57 IST" skipped="0">
  <testcase classname="restassured.restassured.TC_05_ValidateJSONResponse" name="getValidateJSONResponse" time="2.456"/>
</testsuite> <!-- restassured.restassured.TC_05_ValidateJSONResponse -->
