<?xml version="1.0" encoding="UTF-8"?>
<!-- Generated by org.testng.reporters.JUnitReportReporter -->
<testsuite hostname="GS-2657" failures="0" tests="1" name="restassured.restassured.TC_06_ValidateJSONResponseAllNodes" time="4.325" errors="0" timestamp="2020-04-09T16:46:20 IST" skipped="0">
  <testcase classname="restassured.restassured.TC_06_ValidateJSONResponseAllNodes" name="validate" time="4.325"/>
</testsuite> <!-- restassured.restassured.TC_06_ValidateJSONResponseAllNodes -->
