<?xml version="1.0" encoding="UTF-8"?>
<!-- Generated by org.testng.reporters.JUnitReportReporter -->
<testsuite hostname="GS-2657" failures="0" tests="1" name="restassured.restassured.One" time="1.843" errors="0" timestamp="2020-04-08T20:41:23 IST" skipped="0">
  <testcase classname="restassured.restassured.One" name="getdetails" time="1.843"/>
</testsuite> <!-- restassured.restassured.One -->
