<?xml version="1.0" encoding="UTF-8"?>
<!-- Generated by org.testng.reporters.JUnitReportReporter -->
<testsuite hostname="GS-2657" failures="0" tests="1" name="restassured.restassured.TC_03_GetGoogleRequest" time="2.617" errors="0" timestamp="2020-03-27T15:18:29 IST" skipped="0">
  <testcase classname="restassured.restassured.TC_03_GetGoogleRequest" name="googletest" time="2.617"/>
</testsuite> <!-- restassured.restassured.TC_03_GetGoogleRequest -->
